<?xml version="1.0" encoding="UTF-8" standalone="no"?>
<testsuite failures="1" name="cucumber.runtime.formatter.JUnitFormatter" skipped="0" tests="2" time="216.531081">
    <testcase classname="Login to the Application" name="Login to Application" time="52.101778">
        <failure message="org.openqa.selenium.NoSuchElementException: An element could not be located on the page using the given search parameters. (WARNING: The server did not provide any stacktrace information)&#10;Command duration or timeout: 0 milliseconds&#10;For documentation on this error, please visit: https://www.seleniumhq.org/exceptions/no_such_element.html&#10;Build info: version: '3.141.59', revision: 'e82be7d358', time: '2018-11-14T08:17:03'&#10;System info: host: 'SAIKAT-PC', ip: '192.168.1.100', os.name: 'Windows 10', os.arch: 'amd64', os.version: '10.0', java.version: '14.0.1'&#10;Driver info: io.appium.java_client.android.AndroidDriver&#10;Capabilities {adbPort: 15003, appActivity: tsel.www.myapplication.Main..., appPackage: tsel.www.myapplication, chromedriverChromeMappingFile: /root/.testobject_devices/w..., chromedriverExecutableDir: /root/.testobject_devices/w..., chromedriverPorts: [[26030, 26040]], databaseEnabled: false, desired: {adbPort: 15003, appActivity: tsel.www.myapplication.Main..., appPackage: tsel.www.myapplication, chromedriverChromeMappingFile: /root/.testobject_devices/w..., chromedriverExecutableDir: /root/.testobject_devices/w..., chromedriverPorts: [[26030, 26040]], deviceName: Samsung_Galaxy_S9_free, platform: ANDROID, platformName: Android, suppressKillServer: true, systemPort: 8203, testobject_device: Samsung Galaxy S9, testobject_platform_name: Android, version: }, deviceApiLevel: 29, deviceContextId: 7bb0e632-23be-4c6e-9cdb-e36..., deviceManufacturer: samsung, deviceModel: SM-G960U1, deviceName: 10.101.64.26:16016, deviceScreenDensity: 640, deviceScreenSize: 1440x2960, deviceUDID: 10.101.64.26:16016, javascriptEnabled: true, locationContextEnabled: false, networkConnectionEnabled: true, pixelRatio: 4, platform: ANDROID, platformName: Android, platformVersion: 10, statBarHeight: 96, suppressKillServer: true, systemPort: 8203, takesScreenshot: true, testobject_device: Samsung_Galaxy_S9_free, testobject_device_name: Samsung Galaxy S9, testobject_device_session_id: bb77ab1f-408f-4774-ac11-824..., testobject_platform_name: Android, testobject_project_id: saucelabs-default, testobject_test_report_api_url: https://api.us-west-1.sauce..., testobject_test_report_id: 3, testobject_test_report_url: https://app.saucelabs.com/t..., testobject_user_id: saikat1500, version: , viewportRect: {height: 2672, left: 0, top: 96, width: 1440}, warnings: {}, webStorageEnabled: false}&#10;Session ID: 68d03033-5cd3-47c3-bcf2-cbc3d6b265ab&#10;*** Element info: {Using=id, value=tsel.www.myapplication:id/textError}&#13;&#10;&#9;at java.base/jdk.internal.reflect.NativeConstructorAccessorImpl.newInstance0(Native Method)&#13;&#10;&#9;at java.base/jdk.internal.reflect.NativeConstructorAccessorImpl.newInstance(NativeConstructorAccessorImpl.java:62)&#13;&#10;&#9;at java.base/jdk.internal.reflect.DelegatingConstructorAccessorImpl.newInstance(DelegatingConstructorAccessorImpl.java:45)&#13;&#10;&#9;at java.base/java.lang.reflect.Constructor.newInstanceWithCaller(Constructor.java:500)&#13;&#10;&#9;at java.base/java.lang.reflect.Constructor.newInstance(Constructor.java:481)&#13;&#10;&#9;at org.openqa.selenium.remote.ErrorHandler.createThrowable(ErrorHandler.java:214)&#13;&#10;&#9;at org.openqa.selenium.remote.ErrorHandler.throwIfResponseFailed(ErrorHandler.java:166)&#13;&#10;&#9;at org.openqa.selenium.remote.http.JsonHttpResponseCodec.reconstructValue(JsonHttpResponseCodec.java:40)&#13;&#10;&#9;at org.openqa.selenium.remote.http.AbstractHttpResponseCodec.decode(AbstractHttpResponseCodec.java:80)&#13;&#10;&#9;at org.openqa.selenium.remote.http.AbstractHttpResponseCodec.decode(AbstractHttpResponseCodec.java:44)&#13;&#10;&#9;at org.openqa.selenium.remote.HttpCommandExecutor.execute(HttpCommandExecutor.java:158)&#13;&#10;&#9;at io.appium.java_client.remote.AppiumCommandExecutor.execute(AppiumCommandExecutor.java:239)&#13;&#10;&#9;at org.openqa.selenium.remote.RemoteWebDriver.execute(RemoteWebDriver.java:552)&#13;&#10;&#9;at io.appium.java_client.DefaultGenericMobileDriver.execute(DefaultGenericMobileDriver.java:41)&#13;&#10;&#9;at io.appium.java_client.AppiumDriver.execute(AppiumDriver.java:1)&#13;&#10;&#9;at io.appium.java_client.android.AndroidDriver.execute(AndroidDriver.java:1)&#13;&#10;&#9;at org.openqa.selenium.remote.RemoteWebDriver.findElement(RemoteWebDriver.java:323)&#13;&#10;&#9;at io.appium.java_client.DefaultGenericMobileDriver.findElement(DefaultGenericMobileDriver.java:61)&#13;&#10;&#9;at io.appium.java_client.AppiumDriver.findElement(AppiumDriver.java:1)&#13;&#10;&#9;at io.appium.java_client.android.AndroidDriver.findElement(AndroidDriver.java:1)&#13;&#10;&#9;at org.openqa.selenium.remote.RemoteWebDriver.findElementById(RemoteWebDriver.java:372)&#13;&#10;&#9;at io.appium.java_client.DefaultGenericMobileDriver.findElementById(DefaultGenericMobileDriver.java:69)&#13;&#10;&#9;at io.appium.java_client.AppiumDriver.findElementById(AppiumDriver.java:1)&#13;&#10;&#9;at io.appium.java_client.android.AndroidDriver.findElementById(AndroidDriver.java:1)&#13;&#10;&#9;at stepDefinitions.LoginStep2.User_Will_Get_Error_Message(LoginStep2.java:78)&#13;&#10;&#9;at ✽.Then User will not get an error message &quot;Username and password did not match or not found&quot;(src/main/java/Feature/login.feature:8)&#13;&#10;"><![CDATA[Given Access the url link...................................................passed
When User enters the login details..........................................passed
Then User will not get an error message "Username and password did not match or not found".failed
And User will be able to see Home Page......................................skipped
When Access menu profile....................................................skipped
And Logout from the application.............................................skipped
Then User will be redirected back to login page.............................skipped

StackTrace:
org.openqa.selenium.NoSuchElementException: An element could not be located on the page using the given search parameters. (WARNING: The server did not provide any stacktrace information)
Command duration or timeout: 0 milliseconds
For documentation on this error, please visit: https://www.seleniumhq.org/exceptions/no_such_element.html
Build info: version: '3.141.59', revision: 'e82be7d358', time: '2018-11-14T08:17:03'
System info: host: 'SAIKAT-PC', ip: '192.168.1.100', os.name: 'Windows 10', os.arch: 'amd64', os.version: '10.0', java.version: '14.0.1'
Driver info: io.appium.java_client.android.AndroidDriver
Capabilities {adbPort: 15003, appActivity: tsel.www.myapplication.Main..., appPackage: tsel.www.myapplication, chromedriverChromeMappingFile: /root/.testobject_devices/w..., chromedriverExecutableDir: /root/.testobject_devices/w..., chromedriverPorts: [[26030, 26040]], databaseEnabled: false, desired: {adbPort: 15003, appActivity: tsel.www.myapplication.Main..., appPackage: tsel.www.myapplication, chromedriverChromeMappingFile: /root/.testobject_devices/w..., chromedriverExecutableDir: /root/.testobject_devices/w..., chromedriverPorts: [[26030, 26040]], deviceName: Samsung_Galaxy_S9_free, platform: ANDROID, platformName: Android, suppressKillServer: true, systemPort: 8203, testobject_device: Samsung Galaxy S9, testobject_platform_name: Android, version: }, deviceApiLevel: 29, deviceContextId: 7bb0e632-23be-4c6e-9cdb-e36..., deviceManufacturer: samsung, deviceModel: SM-G960U1, deviceName: 10.101.64.26:16016, deviceScreenDensity: 640, deviceScreenSize: 1440x2960, deviceUDID: 10.101.64.26:16016, javascriptEnabled: true, locationContextEnabled: false, networkConnectionEnabled: true, pixelRatio: 4, platform: ANDROID, platformName: Android, platformVersion: 10, statBarHeight: 96, suppressKillServer: true, systemPort: 8203, takesScreenshot: true, testobject_device: Samsung_Galaxy_S9_free, testobject_device_name: Samsung Galaxy S9, testobject_device_session_id: bb77ab1f-408f-4774-ac11-824..., testobject_platform_name: Android, testobject_project_id: saucelabs-default, testobject_test_report_api_url: https://api.us-west-1.sauce..., testobject_test_report_id: 3, testobject_test_report_url: https://app.saucelabs.com/t..., testobject_user_id: saikat1500, version: , viewportRect: {height: 2672, left: 0, top: 96, width: 1440}, warnings: {}, webStorageEnabled: false}
Session ID: 68d03033-5cd3-47c3-bcf2-cbc3d6b265ab
*** Element info: {Using=id, value=tsel.www.myapplication:id/textError}
	at java.base/jdk.internal.reflect.NativeConstructorAccessorImpl.newInstance0(Native Method)
	at java.base/jdk.internal.reflect.NativeConstructorAccessorImpl.newInstance(NativeConstructorAccessorImpl.java:62)
	at java.base/jdk.internal.reflect.DelegatingConstructorAccessorImpl.newInstance(DelegatingConstructorAccessorImpl.java:45)
	at java.base/java.lang.reflect.Constructor.newInstanceWithCaller(Constructor.java:500)
	at java.base/java.lang.reflect.Constructor.newInstance(Constructor.java:481)
	at org.openqa.selenium.remote.ErrorHandler.createThrowable(ErrorHandler.java:214)
	at org.openqa.selenium.remote.ErrorHandler.throwIfResponseFailed(ErrorHandler.java:166)
	at org.openqa.selenium.remote.http.JsonHttpResponseCodec.reconstructValue(JsonHttpResponseCodec.java:40)
	at org.openqa.selenium.remote.http.AbstractHttpResponseCodec.decode(AbstractHttpResponseCodec.java:80)
	at org.openqa.selenium.remote.http.AbstractHttpResponseCodec.decode(AbstractHttpResponseCodec.java:44)
	at org.openqa.selenium.remote.HttpCommandExecutor.execute(HttpCommandExecutor.java:158)
	at io.appium.java_client.remote.AppiumCommandExecutor.execute(AppiumCommandExecutor.java:239)
	at org.openqa.selenium.remote.RemoteWebDriver.execute(RemoteWebDriver.java:552)
	at io.appium.java_client.DefaultGenericMobileDriver.execute(DefaultGenericMobileDriver.java:41)
	at io.appium.java_client.AppiumDriver.execute(AppiumDriver.java:1)
	at io.appium.java_client.android.AndroidDriver.execute(AndroidDriver.java:1)
	at org.openqa.selenium.remote.RemoteWebDriver.findElement(RemoteWebDriver.java:323)
	at io.appium.java_client.DefaultGenericMobileDriver.findElement(DefaultGenericMobileDriver.java:61)
	at io.appium.java_client.AppiumDriver.findElement(AppiumDriver.java:1)
	at io.appium.java_client.android.AndroidDriver.findElement(AndroidDriver.java:1)
	at org.openqa.selenium.remote.RemoteWebDriver.findElementById(RemoteWebDriver.java:372)
	at io.appium.java_client.DefaultGenericMobileDriver.findElementById(DefaultGenericMobileDriver.java:69)
	at io.appium.java_client.AppiumDriver.findElementById(AppiumDriver.java:1)
	at io.appium.java_client.android.AndroidDriver.findElementById(AndroidDriver.java:1)
	at stepDefinitions.LoginStep2.User_Will_Get_Error_Message(LoginStep2.java:78)
	at ✽.Then User will not get an error message "Username and password did not match or not found"(src/main/java/Feature/login.feature:8)
]]></failure>
    </testcase>
    <testcase classname="Login to the Application" name="Invalid Login to Application" time="164.429303">
        <system-out><![CDATA[Given Access the url link...................................................passed
When User enters the wrong login details....................................passed
Then User will be redirected back to login page.............................passed
And User will get an error message "Username and password did not match or not found".passed
]]></system-out>
    </testcase>
</testsuite>
