<?xml version="1.0" encoding="UTF-8" standalone="no"?>
<testsuite failures="0" name="cucumber.runtime.formatter.JUnitFormatter" skipped="0" tests="2" time="26.485819">
<testcase classname="Login to the Application" name="Login to Application" time="17.794667">
<system-out><![CDATA[Given Access the url link...................................................passed
When User enters the login details..........................................passed
Then User will be able to see Home Page.....................................passed
Then Access menu test data..................................................passed
Then Logout from the application............................................passed
]]></system-out>
</testcase>
<testcase classname="Login to the Application" name="Invalid Login to Application" time="8.691152">
<system-out><![CDATA[Given Access the url link...................................................passed
When User enters the wrong login details....................................passed
Then User will be redirected back to login page.............................passed
]]></system-out>
</testcase>
</testsuite>
